# JRE version: Java(TM) SE Runtime Environment (8.0_60-b27) (build 1.8.0_60-b27)
# Java VM: Java HotSpot(TM) 64-Bit Server VM (25.60-b23 mixed mode windows-amd64 compressed oops)
Heap:
 PSYoungGen      total 24064K, used 4204K [0x00000000f5580000, 0x00000000f7000000, 0x0000000100000000)
  eden space 20992K, 5% used [0x00000000f5580000,0x00000000f569d988,0x00000000f6a00000)
  from space 3072K, 99% used [0x00000000f6d00000,0x00000000f6ffd6f0,0x00000000f7000000)
  to   space 3072K, 0% used [0x00000000f6a00000,0x00000000f6a00000,0x00000000f6d00000)
 ParOldGen       total 54784K, used 14764K [0x00000000e0000000, 0x00000000e3580000, 0x00000000f5580000)
  object space 54784K, 26% used [0x00000000e0000000,0x00000000e0e6b1c0,0x00000000e3580000)
 Metaspace       used 13037K, capacity 13262K, committed 13440K, reserved 1060864K
  class space    used 1497K, capacity 1584K, committed 1664K, reserved 1048576K
GC Heap History (4 events):
Event: 2.691 GC heap before
{Heap before GC invocations=1 (full 0):
 PSYoungGen      total 24064K, used 20992K [0x00000000f5580000, 0x00000000f7000000, 0x0000000100000000)
  eden space 20992K, 100% used [0x00000000f5580000,0x00000000f6a00000,0x00000000f6a00000)
  from space 3072K, 0% used [0x00000000f6d00000,0x00000000f6d00000,0x00000000f7000000)
  to   space 3072K, 0% used [0x00000000f6a00000,0x00000000f6a00000,0x00000000f6d00000)
 ParOldGen       total 54784K, used 0K [0x00000000e0000000, 0x00000000e3580000, 0x00000000f5580000)
  object space 54784K, 0% used [0x00000000e0000000,0x00000000e0000000,0x00000000e3580000)
 Metaspace       used 12690K, capacity 12848K, committed 13184K, reserved 1060864K
  class space    used 1490K, capacity 1579K, committed 1664K, reserved 1048576K
Event: 2.699 GC heap after
Heap after GC invocations=1 (full 0):
 PSYoungGen      total 24064K, used 3045K [0x00000000f5580000, 0x00000000f7000000, 0x0000000100000000)
  eden space 20992K, 0% used [0x00000000f5580000,0x00000000f5580000,0x00000000f6a00000)
  from space 3072K, 99% used [0x00000000f6a00000,0x00000000f6cf9700,0x00000000f6d00000)
  to   space 3072K, 0% used [0x00000000f6d00000,0x00000000f6d00000,0x00000000f7000000)
 ParOldGen       total 54784K, used 14636K [0x00000000e0000000, 0x00000000e3580000, 0x00000000f5580000)
  object space 54784K, 26% used [0x00000000e0000000,0x00000000e0e4b1c0,0x00000000e3580000)
 Metaspace       used 12690K, capacity 12848K, committed 13184K, reserved 1060864K
  class space    used 1490K, capacity 1579K, committed 1664K, reserved 1048576K
}
Event: 3.341 GC heap before
{Heap before GC invocations=2 (full 0):
 PSYoungGen      total 24064K, used 24037K [0x00000000f5580000, 0x00000000f7000000, 0x0000000100000000)
  eden space 20992K, 100% used [0x00000000f5580000,0x00000000f6a00000,0x00000000f6a00000)
  from space 3072K, 99% used [0x00000000f6a00000,0x00000000f6cf9700,0x00000000f6d00000)
  to   space 3072K, 0% used [0x00000000f6d00000,0x00000000f6d00000,0x00000000f7000000)
 ParOldGen       total 54784K, used 14636K [0x00000000e0000000, 0x00000000e3580000, 0x00000000f5580000)
  object space 54784K, 26% used [0x00000000e0000000,0x00000000e0e4b1c0,0x00000000e3580000)
 Metaspace       used 13027K, capacity 13262K, committed 13440K, reserved 1060864K
  class space    used 1497K, capacity 1584K, committed 1664K, reserved 1048576K
Event: 3.355 GC heap after
Heap after GC invocations=2 (full 0):
 PSYoungGen      total 24064K, used 3061K [0x00000000f5580000, 0x00000000f7000000, 0x0000000100000000)
  eden space 20992K, 0% used [0x00000000f5580000,0x00000000f5580000,0x00000000f6a00000)
  from space 3072K, 99% used [0x00000000f6d00000,0x00000000f6ffd6f0,0x00000000f7000000)
  to   space 3072K, 0% used [0x00000000f6a00000,0x00000000f6a00000,0x00000000f6d00000)
 ParOldGen       total 54784K, used 14764K [0x00000000e0000000, 0x00000000e3580000, 0x00000000f5580000)
  object space 54784K, 26% used [0x00000000e0000000,0x00000000e0e6b1c0,0x00000000e3580000)
 Metaspace       used 13027K, capacity 13262K, committed 13440K, reserved 1060864K
  class space    used 1497K, capacity 1584K, committed 1664K, reserved 1048576K
}

