# JRE version: Java(TM) SE Runtime Environment (8.0_60-b27) (build 1.8.0_60-b27)
# Java VM: Java HotSpot(TM) 64-Bit Server VM (25.60-b23 mixed mode windows-amd64 compressed oops)
Heap:
 PSYoungGen      total 83968K, used 70493K [0x00000000f5580000, 0x00000000fb500000, 0x0000000100000000)
  eden space 70144K, 99% used [0x00000000f5580000,0x00000000f99bf770,0x00000000f9a00000)
  from space 13824K, 4% used [0x00000000fa780000,0x00000000fa818000,0x00000000fb500000)
  to   space 1024K, 0% used [0x00000000f9c80000,0x00000000f9c80000,0x00000000f9d80000)
 ParOldGen       total 54784K, used 18714K [0x00000000e0000000, 0x00000000e3580000, 0x00000000f5580000)
  object space 54784K, 34% used [0x00000000e0000000,0x00000000e1246a98,0x00000000e3580000)
 Metaspace       used 14492K, capacity 14736K, committed 15104K, reserved 1062912K
  class space    used 1666K, capacity 1749K, committed 1792K, reserved 1048576K
GC Heap History (10 events):
Event: 6.363 GC heap before
{Heap before GC invocations=8 (full 0):
 PSYoungGen      total 82432K, used 81936K [0x00000000f5580000, 0x00000000fc380000, 0x0000000100000000)
  eden space 80896K, 100% used [0x00000000f5580000,0x00000000fa480000,0x00000000fa480000)
  from space 1536K, 67% used [0x00000000fa780000,0x00000000fa884010,0x00000000fa900000)
  to   space 15872K, 0% used [0x00000000fb400000,0x00000000fb400000,0x00000000fc380000)
 ParOldGen       total 54784K, used 18384K [0x00000000e0000000, 0x00000000e3580000, 0x00000000f5580000)
  object space 54784K, 33% used [0x00000000e0000000,0x00000000e11f4078,0x00000000e3580000)
 Metaspace       used 14345K, capacity 14534K, committed 14848K, reserved 1062912K
  class space    used 1660K, capacity 1748K, committed 1792K, reserved 1048576K
Event: 6.367 GC heap after
Heap after GC invocations=8 (full 0):
 PSYoungGen      total 89600K, used 912K [0x00000000f5580000, 0x00000000fbf80000, 0x0000000100000000)
  eden space 77824K, 0% used [0x00000000f5580000,0x00000000f5580000,0x00000000fa180000)
  from space 11776K, 7% used [0x00000000fb400000,0x00000000fb4e4010,0x00000000fbf80000)
  to   space 15360K, 0% used [0x00000000fa180000,0x00000000fa180000,0x00000000fb080000)
 ParOldGen       total 54784K, used 18464K [0x00000000e0000000, 0x00000000e3580000, 0x00000000f5580000)
  object space 54784K, 33% used [0x00000000e0000000,0x00000000e1208078,0x00000000e3580000)
 Metaspace       used 14345K, capacity 14534K, committed 14848K, reserved 1062912K
  class space    used 1660K, capacity 1748K, committed 1792K, reserved 1048576K
}
Event: 7.480 GC heap before
{Heap before GC invocations=9 (full 0):
 PSYoungGen      total 89600K, used 78736K [0x00000000f5580000, 0x00000000fbf80000, 0x0000000100000000)
  eden space 77824K, 100% used [0x00000000f5580000,0x00000000fa180000,0x00000000fa180000)
  from space 11776K, 7% used [0x00000000fb400000,0x00000000fb4e4010,0x00000000fbf80000)
  to   space 15360K, 0% used [0x00000000fa180000,0x00000000fa180000,0x00000000fb080000)
 ParOldGen       total 54784K, used 18464K [0x00000000e0000000, 0x00000000e3580000, 0x00000000f5580000)
  object space 54784K, 33% used [0x00000000e0000000,0x00000000e1208078,0x00000000e3580000)
 Metaspace       used 14368K, capacity 14598K, committed 14848K, reserved 1062912K
  class space    used 1663K, capacity 1748K, committed 1792K, reserved 1048576K
Event: 7.483 GC heap after
Heap after GC invocations=9 (full 0):
 PSYoungGen      total 76288K, used 832K [0x00000000f5580000, 0x00000000fbc00000, 0x0000000100000000)
  eden space 75264K, 0% used [0x00000000f5580000,0x00000000f5580000,0x00000000f9f00000)
  from space 1024K, 81% used [0x00000000fa180000,0x00000000fa250000,0x00000000fa280000)
  to   space 14848K, 0% used [0x00000000fad80000,0x00000000fad80000,0x00000000fbc00000)
 ParOldGen       total 54784K, used 18488K [0x00000000e0000000, 0x00000000e3580000, 0x00000000f5580000)
  object space 54784K, 33% used [0x00000000e0000000,0x00000000e120e078,0x00000000e3580000)
 Metaspace       used 14368K, capacity 14598K, committed 14848K, reserved 1062912K
  class space    used 1663K, capacity 1748K, committed 1792K, reserved 1048576K
}
Event: 8.690 GC heap before
{Heap before GC invocations=10 (full 0):
 PSYoungGen      total 76288K, used 76096K [0x00000000f5580000, 0x00000000fbc00000, 0x0000000100000000)
  eden space 75264K, 100% used [0x00000000f5580000,0x00000000f9f00000,0x00000000f9f00000)
  from space 1024K, 81% used [0x00000000fa180000,0x00000000fa250000,0x00000000fa280000)
  to   space 14848K, 0% used [0x00000000fad80000,0x00000000fad80000,0x00000000fbc00000)
 ParOldGen       total 54784K, used 18488K [0x00000000e0000000, 0x00000000e3580000, 0x00000000f5580000)
  object space 54784K, 33% used [0x00000000e0000000,0x00000000e120e078,0x00000000e3580000)
 Metaspace       used 14408K, capacity 14602K, committed 14848K, reserved 1062912K
  class space    used 1665K, capacity 1748K, committed 1792K, reserved 1048576K
Event: 8.698 GC heap after
Heap after GC invocations=10 (full 0):
 PSYoungGen      total 83968K, used 672K [0x00000000f5580000, 0x00000000fb880000, 0x0000000100000000)
  eden space 72704K, 0% used [0x00000000f5580000,0x00000000f5580000,0x00000000f9c80000)
  from space 11264K, 5% used [0x00000000fad80000,0x00000000fae28000,0x00000000fb880000)
  to   space 14336K, 0% used [0x00000000f9c80000,0x00000000f9c80000,0x00000000faa80000)
 ParOldGen       total 54784K, used 18674K [0x00000000e0000000, 0x00000000e3580000, 0x00000000f5580000)
  object space 54784K, 34% used [0x00000000e0000000,0x00000000e123ca98,0x00000000e3580000)
 Metaspace       used 14408K, capacity 14602K, committed 14848K, reserved 1062912K
  class space    used 1665K, capacity 1748K, committed 1792K, reserved 1048576K
}
Event: 9.779 GC heap before
{Heap before GC invocations=11 (full 0):
 PSYoungGen      total 83968K, used 73376K [0x00000000f5580000, 0x00000000fb880000, 0x0000000100000000)
  eden space 72704K, 100% used [0x00000000f5580000,0x00000000f9c80000,0x00000000f9c80000)
  from space 11264K, 5% used [0x00000000fad80000,0x00000000fae28000,0x00000000fb880000)
  to   space 14336K, 0% used [0x00000000f9c80000,0x00000000f9c80000,0x00000000faa80000)
 ParOldGen       total 54784K, used 18674K [0x00000000e0000000, 0x00000000e3580000, 0x00000000f5580000)
  object space 54784K, 34% used [0x00000000e0000000,0x00000000e123ca98,0x00000000e3580000)
 Metaspace       used 14445K, capacity 14666K, committed 14848K, reserved 1062912K
  class space    used 1666K, capacity 1748K, committed 1792K, reserved 1048576K
Event: 9.782 GC heap after
Heap after GC invocations=11 (full 0):
 PSYoungGen      total 71168K, used 672K [0x00000000f5580000, 0x00000000fb500000, 0x0000000100000000)
  eden space 70144K, 0% used [0x00000000f5580000,0x00000000f5580000,0x00000000f9a00000)
  from space 1024K, 65% used [0x00000000f9c80000,0x00000000f9d28000,0x00000000f9d80000)
  to   space 13824K, 0% used [0x00000000fa780000,0x00000000fa780000,0x00000000fb500000)
 ParOldGen       total 54784K, used 18698K [0x00000000e0000000, 0x00000000e3580000, 0x00000000f5580000)
  object space 54784K, 34% used [0x00000000e0000000,0x00000000e1242a98,0x00000000e3580000)
 Metaspace       used 14445K, capacity 14666K, committed 14848K, reserved 1062912K
  class space    used 1666K, capacity 1748K, committed 1792K, reserved 1048576K
}
Event: 10.784 GC heap before
{Heap before GC invocations=12 (full 0):
 PSYoungGen      total 71168K, used 70816K [0x00000000f5580000, 0x00000000fb500000, 0x0000000100000000)
  eden space 70144K, 100% used [0x00000000f5580000,0x00000000f9a00000,0x00000000f9a00000)
  from space 1024K, 65% used [0x00000000f9c80000,0x00000000f9d28000,0x00000000f9d80000)
  to   space 13824K, 0% used [0x00000000fa780000,0x00000000fa780000,0x00000000fb500000)
 ParOldGen       total 54784K, used 18698K [0x00000000e0000000, 0x00000000e3580000, 0x00000000f5580000)
  object space 54784K, 34% used [0x00000000e0000000,0x00000000e1242a98,0x00000000e3580000)
 Metaspace       used 14468K, capacity 14672K, committed 14848K, reserved 1062912K
  class space    used 1666K, capacity 1749K, committed 1792K, reserved 1048576K
Event: 10.815 GC heap after
Heap after GC invocations=12 (full 0):
 PSYoungGen      total 83968K, used 608K [0x00000000f5580000, 0x00000000fb500000, 0x0000000100000000)
  eden space 70144K, 0% used [0x00000000f5580000,0x00000000f5580000,0x00000000f9a00000)
  from space 13824K, 4% used [0x00000000fa780000,0x00000000fa818000,0x00000000fb500000)
  to   space 1024K, 0% used [0x00000000f9c80000,0x00000000f9c80000,0x00000000f9d80000)
 ParOldGen       total 54784K, used 18714K [0x00000000e0000000, 0x00000000e3580000, 0x00000000f5580000)
  object space 54784K, 34% used [0x00000000e0000000,0x00000000e1246a98,0x00000000e3580000)
 Metaspace       used 14468K, capacity 14672K, committed 14848K, reserved 1062912K
  class space    used 1666K, capacity 1749K, committed 1792K, reserved 1048576K
}

