# JRE version: Java(TM) SE Runtime Environment (8.0_60-b27) (build 1.8.0_60-b27)
# Java VM: Java HotSpot(TM) 64-Bit Server VM (25.60-b23 mixed mode windows-amd64 compressed oops)
Heap:
 PSYoungGen      total 25088K, used 22565K [0x00000000f5580000, 0x00000000f8480000, 0x0000000100000000)
  eden space 24576K, 90% used [0x00000000f5580000,0x00000000f6b39518,0x00000000f6d80000)
  from space 512K, 62% used [0x00000000f6e00000,0x00000000f6e50000,0x00000000f6e80000)
  to   space 11776K, 0% used [0x00000000f7900000,0x00000000f7900000,0x00000000f8480000)
 ParOldGen       total 54784K, used 19185K [0x00000000e0000000, 0x00000000e3580000, 0x00000000f5580000)
  object space 54784K, 35% used [0x00000000e0000000,0x00000000e12bc798,0x00000000e3580000)
 Metaspace       used 13659K, capacity 13876K, committed 14208K, reserved 1062912K
  class space    used 1548K, capacity 1615K, committed 1664K, reserved 1048576K
GC Heap History (10 events):
Event: 7.605 GC heap before
{Heap before GC invocations=11 (full 0):
 PSYoungGen      total 40960K, used 27456K [0x00000000f5580000, 0x00000000f8d00000, 0x0000000100000000)
  eden space 27136K, 100% used [0x00000000f5580000,0x00000000f7000000,0x00000000f7000000)
  from space 13824K, 2% used [0x00000000f7f80000,0x00000000f7fd0000,0x00000000f8d00000)
  to   space 14848K, 0% used [0x00000000f7000000,0x00000000f7000000,0x00000000f7e80000)
 ParOldGen       total 54784K, used 19081K [0x00000000e0000000, 0x00000000e3580000, 0x00000000f5580000)
  object space 54784K, 34% used [0x00000000e0000000,0x00000000e12a2798,0x00000000e3580000)
 Metaspace       used 13633K, capacity 13812K, committed 13952K, reserved 1060864K
  class space    used 1548K, capacity 1615K, committed 1664K, reserved 1048576K
Event: 7.606 GC heap after
Heap after GC invocations=11 (full 0):
 PSYoungGen      total 27136K, used 288K [0x00000000f5580000, 0x00000000f8b80000, 0x0000000100000000)
  eden space 26624K, 0% used [0x00000000f5580000,0x00000000f5580000,0x00000000f6f80000)
  from space 512K, 56% used [0x00000000f7000000,0x00000000f7048000,0x00000000f7080000)
  to   space 14336K, 0% used [0x00000000f7d80000,0x00000000f7d80000,0x00000000f8b80000)
 ParOldGen       total 54784K, used 19113K [0x00000000e0000000, 0x00000000e3580000, 0x00000000f5580000)
  object space 54784K, 34% used [0x00000000e0000000,0x00000000e12aa798,0x00000000e3580000)
 Metaspace       used 13633K, capacity 13812K, committed 13952K, reserved 1060864K
  class space    used 1548K, capacity 1615K, committed 1664K, reserved 1048576K
}
Event: 8.044 GC heap before
{Heap before GC invocations=12 (full 0):
 PSYoungGen      total 27136K, used 26912K [0x00000000f5580000, 0x00000000f8b80000, 0x0000000100000000)
  eden space 26624K, 100% used [0x00000000f5580000,0x00000000f6f80000,0x00000000f6f80000)
  from space 512K, 56% used [0x00000000f7000000,0x00000000f7048000,0x00000000f7080000)
  to   space 14336K, 0% used [0x00000000f7d80000,0x00000000f7d80000,0x00000000f8b80000)
 ParOldGen       total 54784K, used 19113K [0x00000000e0000000, 0x00000000e3580000, 0x00000000f5580000)
  object space 54784K, 34% used [0x00000000e0000000,0x00000000e12aa798,0x00000000e3580000)
 Metaspace       used 13639K, capacity 13812K, committed 13952K, reserved 1060864K
  class space    used 1548K, capacity 1615K, committed 1664K, reserved 1048576K
Event: 8.046 GC heap after
Heap after GC invocations=12 (full 0):
 PSYoungGen      total 38912K, used 320K [0x00000000f5580000, 0x00000000f8a00000, 0x0000000100000000)
  eden space 26112K, 0% used [0x00000000f5580000,0x00000000f5580000,0x00000000f6f00000)
  from space 12800K, 2% used [0x00000000f7d80000,0x00000000f7dd0000,0x00000000f8a00000)
  to   space 13824K, 0% used [0x00000000f6f00000,0x00000000f6f00000,0x00000000f7c80000)
 ParOldGen       total 54784K, used 19129K [0x00000000e0000000, 0x00000000e3580000, 0x00000000f5580000)
  object space 54784K, 34% used [0x00000000e0000000,0x00000000e12ae798,0x00000000e3580000)
 Metaspace       used 13639K, capacity 13812K, committed 13952K, reserved 1060864K
  class space    used 1548K, capacity 1615K, committed 1664K, reserved 1048576K
}
Event: 8.465 GC heap before
{Heap before GC invocations=13 (full 0):
 PSYoungGen      total 38912K, used 26432K [0x00000000f5580000, 0x00000000f8a00000, 0x0000000100000000)
  eden space 26112K, 100% used [0x00000000f5580000,0x00000000f6f00000,0x00000000f6f00000)
  from space 12800K, 2% used [0x00000000f7d80000,0x00000000f7dd0000,0x00000000f8a00000)
  to   space 13824K, 0% used [0x00000000f6f00000,0x00000000f6f00000,0x00000000f7c80000)
 ParOldGen       total 54784K, used 19129K [0x00000000e0000000, 0x00000000e3580000, 0x00000000f5580000)
  object space 54784K, 34% used [0x00000000e0000000,0x00000000e12ae798,0x00000000e3580000)
 Metaspace       used 13647K, capacity 13876K, committed 14208K, reserved 1062912K
  class space    used 1548K, capacity 1615K, committed 1664K, reserved 1048576K
Event: 8.468 GC heap after
Heap after GC invocations=13 (full 0):
 PSYoungGen      total 26112K, used 304K [0x00000000f5580000, 0x00000000f8880000, 0x0000000100000000)
  eden space 25600K, 0% used [0x00000000f5580000,0x00000000f5580000,0x00000000f6e80000)
  from space 512K, 59% used [0x00000000f6f00000,0x00000000f6f4c010,0x00000000f6f80000)
  to   space 13312K, 0% used [0x00000000f7b80000,0x00000000f7b80000,0x00000000f8880000)
 ParOldGen       total 54784K, used 19145K [0x00000000e0000000, 0x00000000e3580000, 0x00000000f5580000)
  object space 54784K, 34% used [0x00000000e0000000,0x00000000e12b2798,0x00000000e3580000)
 Metaspace       used 13647K, capacity 13876K, committed 14208K, reserved 1062912K
  class space    used 1548K, capacity 1615K, committed 1664K, reserved 1048576K
}
Event: 8.896 GC heap before
{Heap before GC invocations=14 (full 0):
 PSYoungGen      total 26112K, used 25904K [0x00000000f5580000, 0x00000000f8880000, 0x0000000100000000)
  eden space 25600K, 100% used [0x00000000f5580000,0x00000000f6e80000,0x00000000f6e80000)
  from space 512K, 59% used [0x00000000f6f00000,0x00000000f6f4c010,0x00000000f6f80000)
  to   space 13312K, 0% used [0x00000000f7b80000,0x00000000f7b80000,0x00000000f8880000)
 ParOldGen       total 54784K, used 19145K [0x00000000e0000000, 0x00000000e3580000, 0x00000000f5580000)
  object space 54784K, 34% used [0x00000000e0000000,0x00000000e12b2798,0x00000000e3580000)
 Metaspace       used 13652K, capacity 13876K, committed 14208K, reserved 1062912K
  class space    used 1548K, capacity 1615K, committed 1664K, reserved 1048576K
Event: 8.900 GC heap after
Heap after GC invocations=14 (full 0):
 PSYoungGen      total 35840K, used 320K [0x00000000f5580000, 0x00000000f8600000, 0x0000000100000000)
  eden space 25088K, 0% used [0x00000000f5580000,0x00000000f5580000,0x00000000f6e00000)
  from space 10752K, 2% used [0x00000000f7b80000,0x00000000f7bd0000,0x00000000f8600000)
  to   space 12288K, 0% used [0x00000000f6e00000,0x00000000f6e00000,0x00000000f7a00000)
 ParOldGen       total 54784K, used 19161K [0x00000000e0000000, 0x00000000e3580000, 0x00000000f5580000)
  object space 54784K, 34% used [0x00000000e0000000,0x00000000e12b6798,0x00000000e3580000)
 Metaspace       used 13652K, capacity 13876K, committed 14208K, reserved 1062912K
  class space    used 1548K, capacity 1615K, committed 1664K, reserved 1048576K
}
Event: 9.335 GC heap before
{Heap before GC invocations=15 (full 0):
 PSYoungGen      total 35840K, used 25408K [0x00000000f5580000, 0x00000000f8600000, 0x0000000100000000)
  eden space 25088K, 100% used [0x00000000f5580000,0x00000000f6e00000,0x00000000f6e00000)
  from space 10752K, 2% used [0x00000000f7b80000,0x00000000f7bd0000,0x00000000f8600000)
  to   space 12288K, 0% used [0x00000000f6e00000,0x00000000f6e00000,0x00000000f7a00000)
 ParOldGen       total 54784K, used 19161K [0x00000000e0000000, 0x00000000e3580000, 0x00000000f5580000)
  object space 54784K, 34% used [0x00000000e0000000,0x00000000e12b6798,0x00000000e3580000)
 Metaspace       used 13659K, capacity 13876K, committed 14208K, reserved 1062912K
  class space    used 1548K, capacity 1615K, committed 1664K, reserved 1048576K
Event: 9.337 GC heap after
Heap after GC invocations=15 (full 0):
 PSYoungGen      total 25088K, used 320K [0x00000000f5580000, 0x00000000f8480000, 0x0000000100000000)
  eden space 24576K, 0% used [0x00000000f5580000,0x00000000f5580000,0x00000000f6d80000)
  from space 512K, 62% used [0x00000000f6e00000,0x00000000f6e50000,0x00000000f6e80000)
  to   space 11776K, 0% used [0x00000000f7900000,0x00000000f7900000,0x00000000f8480000)
 ParOldGen       total 54784K, used 19185K [0x00000000e0000000, 0x00000000e3580000, 0x00000000f5580000)
  object space 54784K, 35% used [0x00000000e0000000,0x00000000e12bc798,0x00000000e3580000)
 Metaspace       used 13659K, capacity 13876K, committed 14208K, reserved 1062912K
  class space    used 1548K, capacity 1615K, committed 1664K, reserved 1048576K
}

