# JRE version: Java(TM) SE Runtime Environment (8.0_60-b27) (build 1.8.0_60-b27)
# Java VM: Java HotSpot(TM) 64-Bit Server VM (25.60-b23 mixed mode windows-amd64 compressed oops)
Heap:
 PSYoungGen      total 24064K, used 13816K [0x00000000f5580000, 0x00000000f7000000, 0x0000000100000000)
  eden space 20992K, 51% used [0x00000000f5580000,0x00000000f60029f0,0x00000000f6a00000)
  from space 3072K, 99% used [0x00000000f6d00000,0x00000000f6ffb8e0,0x00000000f7000000)
  to   space 3072K, 0% used [0x00000000f6a00000,0x00000000f6a00000,0x00000000f6d00000)
 ParOldGen       total 54784K, used 15089K [0x00000000e0000000, 0x00000000e3580000, 0x00000000f5580000)
  object space 54784K, 27% used [0x00000000e0000000,0x00000000e0ebc428,0x00000000e3580000)
 Metaspace       used 15573K, capacity 15728K, committed 16000K, reserved 1062912K
  class space    used 1839K, capacity 1915K, committed 1920K, reserved 1048576K
GC Heap History (10 events):
Event: 2.618 GC heap before
{Heap before GC invocations=2 (full 0):
 PSYoungGen      total 24064K, used 24055K [0x00000000f5580000, 0x00000000f7000000, 0x0000000100000000)
  eden space 20992K, 100% used [0x00000000f5580000,0x00000000f6a00000,0x00000000f6a00000)
  from space 3072K, 99% used [0x00000000f6a00000,0x00000000f6cfdd20,0x00000000f6d00000)
  to   space 3072K, 0% used [0x00000000f6d00000,0x00000000f6d00000,0x00000000f7000000)
 ParOldGen       total 54784K, used 14815K [0x00000000e0000000, 0x00000000e3580000, 0x00000000f5580000)
  object space 54784K, 27% used [0x00000000e0000000,0x00000000e0e77ff8,0x00000000e3580000)
 Metaspace       used 13559K, capacity 13718K, committed 14080K, reserved 1060864K
  class space    used 1586K, capacity 1676K, committed 1792K, reserved 1048576K
Event: 2.622 GC heap after
Heap after GC invocations=2 (full 0):
 PSYoungGen      total 24064K, used 3069K [0x00000000f5580000, 0x00000000f7000000, 0x0000000100000000)
  eden space 20992K, 0% used [0x00000000f5580000,0x00000000f5580000,0x00000000f6a00000)
  from space 3072K, 99% used [0x00000000f6d00000,0x00000000f6fff4f0,0x00000000f7000000)
  to   space 3072K, 0% used [0x00000000f6a00000,0x00000000f6a00000,0x00000000f6d00000)
 ParOldGen       total 54784K, used 14962K [0x00000000e0000000, 0x00000000e3580000, 0x00000000f5580000)
  object space 54784K, 27% used [0x00000000e0000000,0x00000000e0e9c818,0x00000000e3580000)
 Metaspace       used 13559K, capacity 13718K, committed 14080K, reserved 1060864K
  class space    used 1586K, capacity 1676K, committed 1792K, reserved 1048576K
}
Event: 4.198 GC heap before
{Heap before GC invocations=3 (full 0):
 PSYoungGen      total 24064K, used 24061K [0x00000000f5580000, 0x00000000f7000000, 0x0000000100000000)
  eden space 20992K, 100% used [0x00000000f5580000,0x00000000f6a00000,0x00000000f6a00000)
  from space 3072K, 99% used [0x00000000f6d00000,0x00000000f6fff4f0,0x00000000f7000000)
  to   space 3072K, 0% used [0x00000000f6a00000,0x00000000f6a00000,0x00000000f6d00000)
 ParOldGen       total 54784K, used 14962K [0x00000000e0000000, 0x00000000e3580000, 0x00000000f5580000)
  object space 54784K, 27% used [0x00000000e0000000,0x00000000e0e9c818,0x00000000e3580000)
 Metaspace       used 13578K, capacity 13782K, committed 14080K, reserved 1060864K
  class space    used 1586K, capacity 1676K, committed 1792K, reserved 1048576K
Event: 4.201 GC heap after
Heap after GC invocations=3 (full 0):
 PSYoungGen      total 24064K, used 3054K [0x00000000f5580000, 0x00000000f7000000, 0x0000000100000000)
  eden space 20992K, 0% used [0x00000000f5580000,0x00000000f5580000,0x00000000f6a00000)
  from space 3072K, 99% used [0x00000000f6a00000,0x00000000f6cfb8e0,0x00000000f6d00000)
  to   space 3072K, 0% used [0x00000000f6d00000,0x00000000f6d00000,0x00000000f7000000)
 ParOldGen       total 54784K, used 15025K [0x00000000e0000000, 0x00000000e3580000, 0x00000000f5580000)
  object space 54784K, 27% used [0x00000000e0000000,0x00000000e0eac428,0x00000000e3580000)
 Metaspace       used 13578K, capacity 13782K, committed 14080K, reserved 1060864K
  class space    used 1586K, capacity 1676K, committed 1792K, reserved 1048576K
}
Event: 5.515 GC heap before
{Heap before GC invocations=4 (full 0):
 PSYoungGen      total 24064K, used 24046K [0x00000000f5580000, 0x00000000f7000000, 0x0000000100000000)
  eden space 20992K, 100% used [0x00000000f5580000,0x00000000f6a00000,0x00000000f6a00000)
  from space 3072K, 99% used [0x00000000f6a00000,0x00000000f6cfb8e0,0x00000000f6d00000)
  to   space 3072K, 0% used [0x00000000f6d00000,0x00000000f6d00000,0x00000000f7000000)
 ParOldGen       total 54784K, used 15025K [0x00000000e0000000, 0x00000000e3580000, 0x00000000f5580000)
  object space 54784K, 27% used [0x00000000e0000000,0x00000000e0eac428,0x00000000e3580000)
 Metaspace       used 13581K, capacity 13782K, committed 14080K, reserved 1060864K
  class space    used 1586K, capacity 1676K, committed 1792K, reserved 1048576K
Event: 5.519 GC heap after
Heap after GC invocations=4 (full 0):
 PSYoungGen      total 24064K, used 3054K [0x00000000f5580000, 0x00000000f7000000, 0x0000000100000000)
  eden space 20992K, 0% used [0x00000000f5580000,0x00000000f5580000,0x00000000f6a00000)
  from space 3072K, 99% used [0x00000000f6d00000,0x00000000f6ffb8e0,0x00000000f7000000)
  to   space 3072K, 0% used [0x00000000f6a00000,0x00000000f6a00000,0x00000000f6d00000)
 ParOldGen       total 54784K, used 15041K [0x00000000e0000000, 0x00000000e3580000, 0x00000000f5580000)
  object space 54784K, 27% used [0x00000000e0000000,0x00000000e0eb0428,0x00000000e3580000)
 Metaspace       used 13581K, capacity 13782K, committed 14080K, reserved 1060864K
  class space    used 1586K, capacity 1676K, committed 1792K, reserved 1048576K
}
Event: 6.839 GC heap before
{Heap before GC invocations=5 (full 0):
 PSYoungGen      total 24064K, used 24046K [0x00000000f5580000, 0x00000000f7000000, 0x0000000100000000)
  eden space 20992K, 100% used [0x00000000f5580000,0x00000000f6a00000,0x00000000f6a00000)
  from space 3072K, 99% used [0x00000000f6d00000,0x00000000f6ffb8e0,0x00000000f7000000)
  to   space 3072K, 0% used [0x00000000f6a00000,0x00000000f6a00000,0x00000000f6d00000)
 ParOldGen       total 54784K, used 15041K [0x00000000e0000000, 0x00000000e3580000, 0x00000000f5580000)
  object space 54784K, 27% used [0x00000000e0000000,0x00000000e0eb0428,0x00000000e3580000)
 Metaspace       used 13618K, capacity 13782K, committed 14080K, reserved 1060864K
  class space    used 1586K, capacity 1676K, committed 1792K, reserved 1048576K
Event: 6.842 GC heap after
Heap after GC invocations=5 (full 0):
 PSYoungGen      total 24064K, used 3054K [0x00000000f5580000, 0x00000000f7000000, 0x0000000100000000)
  eden space 20992K, 0% used [0x00000000f5580000,0x00000000f5580000,0x00000000f6a00000)
  from space 3072K, 99% used [0x00000000f6a00000,0x00000000f6cfb900,0x00000000f6d00000)
  to   space 3072K, 0% used [0x00000000f6d00000,0x00000000f6d00000,0x00000000f7000000)
 ParOldGen       total 54784K, used 15065K [0x00000000e0000000, 0x00000000e3580000, 0x00000000f5580000)
  object space 54784K, 27% used [0x00000000e0000000,0x00000000e0eb6428,0x00000000e3580000)
 Metaspace       used 13618K, capacity 13782K, committed 14080K, reserved 1060864K
  class space    used 1586K, capacity 1676K, committed 1792K, reserved 1048576K
}
Event: 8.217 GC heap before
{Heap before GC invocations=6 (full 0):
 PSYoungGen      total 24064K, used 24046K [0x00000000f5580000, 0x00000000f7000000, 0x0000000100000000)
  eden space 20992K, 100% used [0x00000000f5580000,0x00000000f6a00000,0x00000000f6a00000)
  from space 3072K, 99% used [0x00000000f6a00000,0x00000000f6cfb900,0x00000000f6d00000)
  to   space 3072K, 0% used [0x00000000f6d00000,0x00000000f6d00000,0x00000000f7000000)
 ParOldGen       total 54784K, used 15065K [0x00000000e0000000, 0x00000000e3580000, 0x00000000f5580000)
  object space 54784K, 27% used [0x00000000e0000000,0x00000000e0eb6428,0x00000000e3580000)
 Metaspace       used 13729K, capacity 13914K, committed 14080K, reserved 1060864K
  class space    used 1591K, capacity 1676K, committed 1792K, reserved 1048576K
Event: 8.220 GC heap after
Heap after GC invocations=6 (full 0):
 PSYoungGen      total 24064K, used 3054K [0x00000000f5580000, 0x00000000f7000000, 0x0000000100000000)
  eden space 20992K, 0% used [0x00000000f5580000,0x00000000f5580000,0x00000000f6a00000)
  from space 3072K, 99% used [0x00000000f6d00000,0x00000000f6ffb8e0,0x00000000f7000000)
  to   space 3072K, 0% used [0x00000000f6a00000,0x00000000f6a00000,0x00000000f6d00000)
 ParOldGen       total 54784K, used 15089K [0x00000000e0000000, 0x00000000e3580000, 0x00000000f5580000)
  object space 54784K, 27% used [0x00000000e0000000,0x00000000e0ebc428,0x00000000e3580000)
 Metaspace       used 13729K, capacity 13914K, committed 14080K, reserved 1060864K
  class space    used 1591K, capacity 1676K, committed 1792K, reserved 1048576K
}

