# JRE version: Java(TM) SE Runtime Environment (8.0_60-b27) (build 1.8.0_60-b27)
# Java VM: Java HotSpot(TM) 64-Bit Server VM (25.60-b23 mixed mode windows-amd64 compressed oops)
Heap:
 PSYoungGen      total 76288K, used 58503K [0x00000000f5580000, 0x00000000ff000000, 0x0000000100000000)
  eden space 75264K, 76% used [0x00000000f5580000,0x00000000f8de9cc0,0x00000000f9f00000)
  from space 1024K, 71% used [0x00000000fef00000,0x00000000fefb8000,0x00000000ff000000)
  to   space 8704K, 0% used [0x00000000fdf00000,0x00000000fdf00000,0x00000000fe780000)
 ParOldGen       total 54784K, used 10382K [0x00000000e0000000, 0x00000000e3580000, 0x00000000f5580000)
  object space 54784K, 18% used [0x00000000e0000000,0x00000000e0a23b38,0x00000000e3580000)
 Metaspace       used 13686K, capacity 13886K, committed 14208K, reserved 1062912K
  class space    used 1545K, capacity 1616K, committed 1664K, reserved 1048576K
GC Heap History (10 events):
Event: 5.545 GC heap before
{Heap before GC invocations=4 (full 0):
 PSYoungGen      total 45056K, used 45049K [0x00000000f5580000, 0x00000000fad80000, 0x0000000100000000)
  eden space 41984K, 100% used [0x00000000f5580000,0x00000000f7e80000,0x00000000f7e80000)
  from space 3072K, 99% used [0x00000000f7e80000,0x00000000f817e670,0x00000000f8180000)
  to   space 3072K, 0% used [0x00000000faa80000,0x00000000faa80000,0x00000000fad80000)
 ParOldGen       total 54784K, used 6597K [0x00000000e0000000, 0x00000000e3580000, 0x00000000f5580000)
  object space 54784K, 12% used [0x00000000e0000000,0x00000000e06717c8,0x00000000e3580000)
 Metaspace       used 13385K, capacity 13594K, committed 13952K, reserved 1060864K
  class space    used 1497K, capacity 1584K, committed 1664K, reserved 1048576K
Event: 5.552 GC heap after
Heap after GC invocations=4 (full 0):
 PSYoungGen      total 87040K, used 3065K [0x00000000f5580000, 0x00000000fad80000, 0x0000000100000000)
  eden space 83968K, 0% used [0x00000000f5580000,0x00000000f5580000,0x00000000fa780000)
  from space 3072K, 99% used [0x00000000faa80000,0x00000000fad7e670,0x00000000fad80000)
  to   space 3072K, 0% used [0x00000000fa780000,0x00000000fa780000,0x00000000faa80000)
 ParOldGen       total 54784K, used 6853K [0x00000000e0000000, 0x00000000e3580000, 0x00000000f5580000)
  object space 54784K, 12% used [0x00000000e0000000,0x00000000e06b17c8,0x00000000e3580000)
 Metaspace       used 13385K, capacity 13594K, committed 13952K, reserved 1060864K
  class space    used 1497K, capacity 1584K, committed 1664K, reserved 1048576K
}
Event: 6.926 GC heap before
{Heap before GC invocations=5 (full 0):
 PSYoungGen      total 87040K, used 87033K [0x00000000f5580000, 0x00000000fad80000, 0x0000000100000000)
  eden space 83968K, 100% used [0x00000000f5580000,0x00000000fa780000,0x00000000fa780000)
  from space 3072K, 99% used [0x00000000faa80000,0x00000000fad7e670,0x00000000fad80000)
  to   space 3072K, 0% used [0x00000000fa780000,0x00000000fa780000,0x00000000faa80000)
 ParOldGen       total 54784K, used 6853K [0x00000000e0000000, 0x00000000e3580000, 0x00000000f5580000)
  object space 54784K, 12% used [0x00000000e0000000,0x00000000e06b17c8,0x00000000e3580000)
 Metaspace       used 13457K, capacity 13658K, committed 13952K, reserved 1060864K
  class space    used 1505K, capacity 1584K, committed 1664K, reserved 1048576K
Event: 6.935 GC heap after
Heap after GC invocations=5 (full 0):
 PSYoungGen      total 87040K, used 3065K [0x00000000f5580000, 0x0000000100000000, 0x0000000100000000)
  eden space 83968K, 0% used [0x00000000f5580000,0x00000000f5580000,0x00000000fa780000)
  from space 3072K, 99% used [0x00000000fa780000,0x00000000faa7e670,0x00000000faa80000)
  to   space 9216K, 0% used [0x00000000ff700000,0x00000000ff700000,0x0000000100000000)
 ParOldGen       total 54784K, used 7429K [0x00000000e0000000, 0x00000000e3580000, 0x00000000f5580000)
  object space 54784K, 13% used [0x00000000e0000000,0x00000000e07417c8,0x00000000e3580000)
 Metaspace       used 13457K, capacity 13658K, committed 13952K, reserved 1060864K
  class space    used 1505K, capacity 1584K, committed 1664K, reserved 1048576K
}
Event: 8.271 GC heap before
{Heap before GC invocations=6 (full 0):
 PSYoungGen      total 87040K, used 87033K [0x00000000f5580000, 0x0000000100000000, 0x0000000100000000)
  eden space 83968K, 100% used [0x00000000f5580000,0x00000000fa780000,0x00000000fa780000)
  from space 3072K, 99% used [0x00000000fa780000,0x00000000faa7e670,0x00000000faa80000)
  to   space 9216K, 0% used [0x00000000ff700000,0x00000000ff700000,0x0000000100000000)
 ParOldGen       total 54784K, used 7429K [0x00000000e0000000, 0x00000000e3580000, 0x00000000f5580000)
  object space 54784K, 13% used [0x00000000e0000000,0x00000000e07417c8,0x00000000e3580000)
 Metaspace       used 13626K, capacity 13822K, committed 13952K, reserved 1060864K
  class space    used 1543K, capacity 1616K, committed 1664K, reserved 1048576K
Event: 8.280 GC heap after
Heap after GC invocations=6 (full 0):
 PSYoungGen      total 84992K, used 3705K [0x00000000f5580000, 0x00000000ffb00000, 0x0000000100000000)
  eden space 80896K, 0% used [0x00000000f5580000,0x00000000f5580000,0x00000000fa480000)
  from space 4096K, 90% used [0x00000000ff700000,0x00000000ffa9e670,0x00000000ffb00000)
  to   space 8704K, 0% used [0x00000000fea00000,0x00000000fea00000,0x00000000ff280000)
 ParOldGen       total 54784K, used 7437K [0x00000000e0000000, 0x00000000e3580000, 0x00000000f5580000)
  object space 54784K, 13% used [0x00000000e0000000,0x00000000e07437c8,0x00000000e3580000)
 Metaspace       used 13626K, capacity 13822K, committed 13952K, reserved 1060864K
  class space    used 1543K, capacity 1616K, committed 1664K, reserved 1048576K
}
Event: 9.453 GC heap before
{Heap before GC invocations=7 (full 0):
 PSYoungGen      total 84992K, used 84601K [0x00000000f5580000, 0x00000000ffb00000, 0x0000000100000000)
  eden space 80896K, 100% used [0x00000000f5580000,0x00000000fa480000,0x00000000fa480000)
  from space 4096K, 90% used [0x00000000ff700000,0x00000000ffa9e670,0x00000000ffb00000)
  to   space 8704K, 0% used [0x00000000fea00000,0x00000000fea00000,0x00000000ff280000)
 ParOldGen       total 54784K, used 7437K [0x00000000e0000000, 0x00000000e3580000, 0x00000000f5580000)
  object space 54784K, 13% used [0x00000000e0000000,0x00000000e07437c8,0x00000000e3580000)
 Metaspace       used 13648K, capacity 13822K, committed 13952K, reserved 1060864K
  class space    used 1545K, capacity 1616K, committed 1664K, reserved 1048576K
Event: 9.462 GC heap after
Heap after GC invocations=7 (full 0):
 PSYoungGen      total 78848K, used 800K [0x00000000f5580000, 0x00000000ff780000, 0x0000000100000000)
  eden space 77824K, 0% used [0x00000000f5580000,0x00000000f5580000,0x00000000fa180000)
  from space 1024K, 78% used [0x00000000fea00000,0x00000000feac8000,0x00000000feb00000)
  to   space 8704K, 0% used [0x00000000fef00000,0x00000000fef00000,0x00000000ff780000)
 ParOldGen       total 54784K, used 10310K [0x00000000e0000000, 0x00000000e3580000, 0x00000000f5580000)
  object space 54784K, 18% used [0x00000000e0000000,0x00000000e0a11b38,0x00000000e3580000)
 Metaspace       used 13648K, capacity 13822K, committed 13952K, reserved 1060864K
  class space    used 1545K, capacity 1616K, committed 1664K, reserved 1048576K
}
Event: 10.643 GC heap before
{Heap before GC invocations=8 (full 0):
 PSYoungGen      total 78848K, used 78624K [0x00000000f5580000, 0x00000000ff780000, 0x0000000100000000)
  eden space 77824K, 100% used [0x00000000f5580000,0x00000000fa180000,0x00000000fa180000)
  from space 1024K, 78% used [0x00000000fea00000,0x00000000feac8000,0x00000000feb00000)
  to   space 8704K, 0% used [0x00000000fef00000,0x00000000fef00000,0x00000000ff780000)
 ParOldGen       total 54784K, used 10310K [0x00000000e0000000, 0x00000000e3580000, 0x00000000f5580000)
  object space 54784K, 18% used [0x00000000e0000000,0x00000000e0a11b38,0x00000000e3580000)
 Metaspace       used 13667K, capacity 13886K, committed 14208K, reserved 1062912K
  class space    used 1545K, capacity 1616K, committed 1664K, reserved 1048576K
Event: 10.649 GC heap after
Heap after GC invocations=8 (full 0):
 PSYoungGen      total 76288K, used 736K [0x00000000f5580000, 0x00000000ff000000, 0x0000000100000000)
  eden space 75264K, 0% used [0x00000000f5580000,0x00000000f5580000,0x00000000f9f00000)
  from space 1024K, 71% used [0x00000000fef00000,0x00000000fefb8000,0x00000000ff000000)
  to   space 8704K, 0% used [0x00000000fdf00000,0x00000000fdf00000,0x00000000fe780000)
 ParOldGen       total 54784K, used 10382K [0x00000000e0000000, 0x00000000e3580000, 0x00000000f5580000)
  object space 54784K, 18% used [0x00000000e0000000,0x00000000e0a23b38,0x00000000e3580000)
 Metaspace       used 13667K, capacity 13886K, committed 14208K, reserved 1062912K
  class space    used 1545K, capacity 1616K, committed 1664K, reserved 1048576K
}

