# JRE version: Java(TM) SE Runtime Environment (8.0_60-b27) (build 1.8.0_60-b27)
# Java VM: Java HotSpot(TM) 64-Bit Server VM (25.60-b23 mixed mode windows-amd64 compressed oops)
Heap:
 PSYoungGen      total 24064K, used 13628K [0x00000000f5580000, 0x00000000f7000000, 0x0000000100000000)
  eden space 20992K, 63% used [0x00000000f5580000,0x00000000f6287120,0x00000000f6a00000)
  from space 3072K, 9% used [0x00000000f6d00000,0x00000000f6d48000,0x00000000f7000000)
  to   space 3072K, 0% used [0x00000000f6a00000,0x00000000f6a00000,0x00000000f6d00000)
 ParOldGen       total 54784K, used 18632K [0x00000000e0000000, 0x00000000e3580000, 0x00000000f5580000)
  object space 54784K, 34% used [0x00000000e0000000,0x00000000e1232140,0x00000000e3580000)
 Metaspace       used 13614K, capacity 13802K, committed 13952K, reserved 1060864K
  class space    used 1541K, capacity 1616K, committed 1664K, reserved 1048576K
GC Heap History (10 events):
Event: 5.555 GC heap before
{Heap before GC invocations=12 (full 0):
 PSYoungGen      total 24064K, used 21280K [0x00000000f5580000, 0x00000000f7000000, 0x0000000100000000)
  eden space 20992K, 100% used [0x00000000f5580000,0x00000000f6a00000,0x00000000f6a00000)
  from space 3072K, 9% used [0x00000000f6a00000,0x00000000f6a48000,0x00000000f6d00000)
  to   space 3072K, 0% used [0x00000000f6d00000,0x00000000f6d00000,0x00000000f7000000)
 ParOldGen       total 54784K, used 18544K [0x00000000e0000000, 0x00000000e3580000, 0x00000000f5580000)
  object space 54784K, 33% used [0x00000000e0000000,0x00000000e121c140,0x00000000e3580000)
 Metaspace       used 13583K, capacity 13802K, committed 13952K, reserved 1060864K
  class space    used 1540K, capacity 1616K, committed 1664K, reserved 1048576K
Event: 5.556 GC heap after
Heap after GC invocations=12 (full 0):
 PSYoungGen      total 24064K, used 288K [0x00000000f5580000, 0x00000000f7000000, 0x0000000100000000)
  eden space 20992K, 0% used [0x00000000f5580000,0x00000000f5580000,0x00000000f6a00000)
  from space 3072K, 9% used [0x00000000f6d00000,0x00000000f6d48000,0x00000000f7000000)
  to   space 3072K, 0% used [0x00000000f6a00000,0x00000000f6a00000,0x00000000f6d00000)
 ParOldGen       total 54784K, used 18560K [0x00000000e0000000, 0x00000000e3580000, 0x00000000f5580000)
  object space 54784K, 33% used [0x00000000e0000000,0x00000000e1220140,0x00000000e3580000)
 Metaspace       used 13583K, capacity 13802K, committed 13952K, reserved 1060864K
  class space    used 1540K, capacity 1616K, committed 1664K, reserved 1048576K
}
Event: 5.881 GC heap before
{Heap before GC invocations=13 (full 0):
 PSYoungGen      total 24064K, used 21280K [0x00000000f5580000, 0x00000000f7000000, 0x0000000100000000)
  eden space 20992K, 100% used [0x00000000f5580000,0x00000000f6a00000,0x00000000f6a00000)
  from space 3072K, 9% used [0x00000000f6d00000,0x00000000f6d48000,0x00000000f7000000)
  to   space 3072K, 0% used [0x00000000f6a00000,0x00000000f6a00000,0x00000000f6d00000)
 ParOldGen       total 54784K, used 18560K [0x00000000e0000000, 0x00000000e3580000, 0x00000000f5580000)
  object space 54784K, 33% used [0x00000000e0000000,0x00000000e1220140,0x00000000e3580000)
 Metaspace       used 13586K, capacity 13802K, committed 13952K, reserved 1060864K
  class space    used 1540K, capacity 1616K, committed 1664K, reserved 1048576K
Event: 5.883 GC heap after
Heap after GC invocations=13 (full 0):
 PSYoungGen      total 24064K, used 288K [0x00000000f5580000, 0x00000000f7000000, 0x0000000100000000)
  eden space 20992K, 0% used [0x00000000f5580000,0x00000000f5580000,0x00000000f6a00000)
  from space 3072K, 9% used [0x00000000f6a00000,0x00000000f6a48000,0x00000000f6d00000)
  to   space 3072K, 0% used [0x00000000f6d00000,0x00000000f6d00000,0x00000000f7000000)
 ParOldGen       total 54784K, used 18576K [0x00000000e0000000, 0x00000000e3580000, 0x00000000f5580000)
  object space 54784K, 33% used [0x00000000e0000000,0x00000000e1224140,0x00000000e3580000)
 Metaspace       used 13586K, capacity 13802K, committed 13952K, reserved 1060864K
  class space    used 1540K, capacity 1616K, committed 1664K, reserved 1048576K
}
Event: 6.182 GC heap before
{Heap before GC invocations=14 (full 0):
 PSYoungGen      total 24064K, used 21280K [0x00000000f5580000, 0x00000000f7000000, 0x0000000100000000)
  eden space 20992K, 100% used [0x00000000f5580000,0x00000000f6a00000,0x00000000f6a00000)
  from space 3072K, 9% used [0x00000000f6a00000,0x00000000f6a48000,0x00000000f6d00000)
  to   space 3072K, 0% used [0x00000000f6d00000,0x00000000f6d00000,0x00000000f7000000)
 ParOldGen       total 54784K, used 18576K [0x00000000e0000000, 0x00000000e3580000, 0x00000000f5580000)
  object space 54784K, 33% used [0x00000000e0000000,0x00000000e1224140,0x00000000e3580000)
 Metaspace       used 13589K, capacity 13802K, committed 13952K, reserved 1060864K
  class space    used 1540K, capacity 1616K, committed 1664K, reserved 1048576K
Event: 6.184 GC heap after
Heap after GC invocations=14 (full 0):
 PSYoungGen      total 24064K, used 256K [0x00000000f5580000, 0x00000000f7000000, 0x0000000100000000)
  eden space 20992K, 0% used [0x00000000f5580000,0x00000000f5580000,0x00000000f6a00000)
  from space 3072K, 8% used [0x00000000f6d00000,0x00000000f6d40000,0x00000000f7000000)
  to   space 3072K, 0% used [0x00000000f6a00000,0x00000000f6a00000,0x00000000f6d00000)
 ParOldGen       total 54784K, used 18600K [0x00000000e0000000, 0x00000000e3580000, 0x00000000f5580000)
  object space 54784K, 33% used [0x00000000e0000000,0x00000000e122a140,0x00000000e3580000)
 Metaspace       used 13589K, capacity 13802K, committed 13952K, reserved 1060864K
  class space    used 1540K, capacity 1616K, committed 1664K, reserved 1048576K
}
Event: 6.504 GC heap before
{Heap before GC invocations=15 (full 0):
 PSYoungGen      total 24064K, used 21248K [0x00000000f5580000, 0x00000000f7000000, 0x0000000100000000)
  eden space 20992K, 100% used [0x00000000f5580000,0x00000000f6a00000,0x00000000f6a00000)
  from space 3072K, 8% used [0x00000000f6d00000,0x00000000f6d40000,0x00000000f7000000)
  to   space 3072K, 0% used [0x00000000f6a00000,0x00000000f6a00000,0x00000000f6d00000)
 ParOldGen       total 54784K, used 18600K [0x00000000e0000000, 0x00000000e3580000, 0x00000000f5580000)
  object space 54784K, 33% used [0x00000000e0000000,0x00000000e122a140,0x00000000e3580000)
 Metaspace       used 13593K, capacity 13802K, committed 13952K, reserved 1060864K
  class space    used 1540K, capacity 1616K, committed 1664K, reserved 1048576K
Event: 6.506 GC heap after
Heap after GC invocations=15 (full 0):
 PSYoungGen      total 24064K, used 256K [0x00000000f5580000, 0x00000000f7000000, 0x0000000100000000)
  eden space 20992K, 0% used [0x00000000f5580000,0x00000000f5580000,0x00000000f6a00000)
  from space 3072K, 8% used [0x00000000f6a00000,0x00000000f6a40000,0x00000000f6d00000)
  to   space 3072K, 0% used [0x00000000f6d00000,0x00000000f6d00000,0x00000000f7000000)
 ParOldGen       total 54784K, used 18616K [0x00000000e0000000, 0x00000000e3580000, 0x00000000f5580000)
  object space 54784K, 33% used [0x00000000e0000000,0x00000000e122e140,0x00000000e3580000)
 Metaspace       used 13593K, capacity 13802K, committed 13952K, reserved 1060864K
  class space    used 1540K, capacity 1616K, committed 1664K, reserved 1048576K
}
Event: 6.806 GC heap before
{Heap before GC invocations=16 (full 0):
 PSYoungGen      total 24064K, used 21248K [0x00000000f5580000, 0x00000000f7000000, 0x0000000100000000)
  eden space 20992K, 100% used [0x00000000f5580000,0x00000000f6a00000,0x00000000f6a00000)
  from space 3072K, 8% used [0x00000000f6a00000,0x00000000f6a40000,0x00000000f6d00000)
  to   space 3072K, 0% used [0x00000000f6d00000,0x00000000f6d00000,0x00000000f7000000)
 ParOldGen       total 54784K, used 18616K [0x00000000e0000000, 0x00000000e3580000, 0x00000000f5580000)
  object space 54784K, 33% used [0x00000000e0000000,0x00000000e122e140,0x00000000e3580000)
 Metaspace       used 13605K, capacity 13802K, committed 13952K, reserved 1060864K
  class space    used 1541K, capacity 1616K, committed 1664K, reserved 1048576K
Event: 6.809 GC heap after
Heap after GC invocations=16 (full 0):
 PSYoungGen      total 24064K, used 288K [0x00000000f5580000, 0x00000000f7000000, 0x0000000100000000)
  eden space 20992K, 0% used [0x00000000f5580000,0x00000000f5580000,0x00000000f6a00000)
  from space 3072K, 9% used [0x00000000f6d00000,0x00000000f6d48000,0x00000000f7000000)
  to   space 3072K, 0% used [0x00000000f6a00000,0x00000000f6a00000,0x00000000f6d00000)
 ParOldGen       total 54784K, used 18632K [0x00000000e0000000, 0x00000000e3580000, 0x00000000f5580000)
  object space 54784K, 34% used [0x00000000e0000000,0x00000000e1232140,0x00000000e3580000)
 Metaspace       used 13605K, capacity 13802K, committed 13952K, reserved 1060864K
  class space    used 1541K, capacity 1616K, committed 1664K, reserved 1048576K
}

