# JRE version: Java(TM) SE Runtime Environment (8.0_60-b27) (build 1.8.0_60-b27)
# Java VM: Java HotSpot(TM) 64-Bit Server VM (25.60-b23 mixed mode windows-amd64 compressed oops)
Heap:
 PSYoungGen      total 24064K, used 11454K [0x00000000f5580000, 0x00000000f7000000, 0x0000000100000000)
  eden space 20992K, 39% used [0x00000000f5580000,0x00000000f5db2380,0x00000000f6a00000)
  from space 3072K, 99% used [0x00000000f6d00000,0x00000000f6ffd6f0,0x00000000f7000000)
  to   space 3072K, 0% used [0x00000000f6a00000,0x00000000f6a00000,0x00000000f6d00000)
 ParOldGen       total 54784K, used 14777K [0x00000000e0000000, 0x00000000e3580000, 0x00000000f5580000)
  object space 54784K, 26% used [0x00000000e0000000,0x00000000e0e6e7e0,0x00000000e3580000)
 Metaspace       used 13233K, capacity 13418K, committed 13696K, reserved 1060864K
  class space    used 1539K, capacity 1616K, committed 1664K, reserved 1048576K
GC Heap History (4 events):
Event: 1.374 GC heap before
{Heap before GC invocations=1 (full 0):
 PSYoungGen      total 24064K, used 20992K [0x00000000f5580000, 0x00000000f7000000, 0x0000000100000000)
  eden space 20992K, 100% used [0x00000000f5580000,0x00000000f6a00000,0x00000000f6a00000)
  from space 3072K, 0% used [0x00000000f6d00000,0x00000000f6d00000,0x00000000f7000000)
  to   space 3072K, 0% used [0x00000000f6a00000,0x00000000f6a00000,0x00000000f6d00000)
 ParOldGen       total 54784K, used 0K [0x00000000e0000000, 0x00000000e3580000, 0x00000000f5580000)
  object space 54784K, 0% used [0x00000000e0000000,0x00000000e0000000,0x00000000e3580000)
 Metaspace       used 12726K, capacity 12908K, committed 13184K, reserved 1060864K
  class space    used 1495K, capacity 1579K, committed 1664K, reserved 1048576K
Event: 1.381 GC heap after
Heap after GC invocations=1 (full 0):
 PSYoungGen      total 24064K, used 3061K [0x00000000f5580000, 0x00000000f7000000, 0x0000000100000000)
  eden space 20992K, 0% used [0x00000000f5580000,0x00000000f5580000,0x00000000f6a00000)
  from space 3072K, 99% used [0x00000000f6a00000,0x00000000f6cfd710,0x00000000f6d00000)
  to   space 3072K, 0% used [0x00000000f6d00000,0x00000000f6d00000,0x00000000f7000000)
 ParOldGen       total 54784K, used 14633K [0x00000000e0000000, 0x00000000e3580000, 0x00000000f5580000)
  object space 54784K, 26% used [0x00000000e0000000,0x00000000e0e4a7e0,0x00000000e3580000)
 Metaspace       used 12726K, capacity 12908K, committed 13184K, reserved 1060864K
  class space    used 1495K, capacity 1579K, committed 1664K, reserved 1048576K
}
Event: 1.912 GC heap before
{Heap before GC invocations=2 (full 0):
 PSYoungGen      total 24064K, used 24053K [0x00000000f5580000, 0x00000000f7000000, 0x0000000100000000)
  eden space 20992K, 100% used [0x00000000f5580000,0x00000000f6a00000,0x00000000f6a00000)
  from space 3072K, 99% used [0x00000000f6a00000,0x00000000f6cfd710,0x00000000f6d00000)
  to   space 3072K, 0% used [0x00000000f6d00000,0x00000000f6d00000,0x00000000f7000000)
 ParOldGen       total 54784K, used 14633K [0x00000000e0000000, 0x00000000e3580000, 0x00000000f5580000)
  object space 54784K, 26% used [0x00000000e0000000,0x00000000e0e4a7e0,0x00000000e3580000)
 Metaspace       used 12996K, capacity 13194K, committed 13440K, reserved 1060864K
  class space    used 1498K, capacity 1584K, committed 1664K, reserved 1048576K
Event: 1.918 GC heap after
Heap after GC invocations=2 (full 0):
 PSYoungGen      total 24064K, used 3061K [0x00000000f5580000, 0x00000000f7000000, 0x0000000100000000)
  eden space 20992K, 0% used [0x00000000f5580000,0x00000000f5580000,0x00000000f6a00000)
  from space 3072K, 99% used [0x00000000f6d00000,0x00000000f6ffd6f0,0x00000000f7000000)
  to   space 3072K, 0% used [0x00000000f6a00000,0x00000000f6a00000,0x00000000f6d00000)
 ParOldGen       total 54784K, used 14777K [0x00000000e0000000, 0x00000000e3580000, 0x00000000f5580000)
  object space 54784K, 26% used [0x00000000e0000000,0x00000000e0e6e7e0,0x00000000e3580000)
 Metaspace       used 12996K, capacity 13194K, committed 13440K, reserved 1060864K
  class space    used 1498K, capacity 1584K, committed 1664K, reserved 1048576K
}

