# JRE version: Java(TM) SE Runtime Environment (8.0_60-b27) (build 1.8.0_60-b27)
# Java VM: Java HotSpot(TM) 64-Bit Server VM (25.60-b23 mixed mode windows-amd64 compressed oops)
Heap:
 PSYoungGen      total 24064K, used 8707K [0x00000000f5580000, 0x00000000f7000000, 0x0000000100000000)
  eden space 20992K, 40% used [0x00000000f5580000,0x00000000f5de0d48,0x00000000f6a00000)
  from space 3072K, 4% used [0x00000000f6d00000,0x00000000f6d20000,0x00000000f7000000)
  to   space 3072K, 0% used [0x00000000f6a00000,0x00000000f6a00000,0x00000000f6d00000)
 ParOldGen       total 54784K, used 18280K [0x00000000e0000000, 0x00000000e3580000, 0x00000000f5580000)
  object space 54784K, 33% used [0x00000000e0000000,0x00000000e11da2e8,0x00000000e3580000)
 Metaspace       used 15530K, capacity 15750K, committed 16128K, reserved 1062912K
  class space    used 1868K, capacity 1940K, committed 2048K, reserved 1048576K
GC Heap History (10 events):
Event: 14.473 GC heap before
{Heap before GC invocations=10 (full 0):
 PSYoungGen      total 24064K, used 21120K [0x00000000f5580000, 0x00000000f7000000, 0x0000000100000000)
  eden space 20992K, 100% used [0x00000000f5580000,0x00000000f6a00000,0x00000000f6a00000)
  from space 3072K, 4% used [0x00000000f6a00000,0x00000000f6a20000,0x00000000f6d00000)
  to   space 3072K, 0% used [0x00000000f6d00000,0x00000000f6d00000,0x00000000f7000000)
 ParOldGen       total 54784K, used 18098K [0x00000000e0000000, 0x00000000e3580000, 0x00000000f5580000)
  object space 54784K, 33% used [0x00000000e0000000,0x00000000e11ac8d8,0x00000000e3580000)
 Metaspace       used 14468K, capacity 14662K, committed 14848K, reserved 1062912K
  class space    used 1687K, capacity 1776K, committed 1792K, reserved 1048576K
Event: 14.474 GC heap after
Heap after GC invocations=10 (full 0):
 PSYoungGen      total 24064K, used 160K [0x00000000f5580000, 0x00000000f7000000, 0x0000000100000000)
  eden space 20992K, 0% used [0x00000000f5580000,0x00000000f5580000,0x00000000f6a00000)
  from space 3072K, 5% used [0x00000000f6d00000,0x00000000f6d28000,0x00000000f7000000)
  to   space 3072K, 0% used [0x00000000f6a00000,0x00000000f6a00000,0x00000000f6d00000)
 ParOldGen       total 54784K, used 18130K [0x00000000e0000000, 0x00000000e3580000, 0x00000000f5580000)
  object space 54784K, 33% used [0x00000000e0000000,0x00000000e11b48d8,0x00000000e3580000)
 Metaspace       used 14468K, capacity 14662K, committed 14848K, reserved 1062912K
  class space    used 1687K, capacity 1776K, committed 1792K, reserved 1048576K
}
Event: 15.807 GC heap before
{Heap before GC invocations=11 (full 0):
 PSYoungGen      total 24064K, used 21152K [0x00000000f5580000, 0x00000000f7000000, 0x0000000100000000)
  eden space 20992K, 100% used [0x00000000f5580000,0x00000000f6a00000,0x00000000f6a00000)
  from space 3072K, 5% used [0x00000000f6d00000,0x00000000f6d28000,0x00000000f7000000)
  to   space 3072K, 0% used [0x00000000f6a00000,0x00000000f6a00000,0x00000000f6d00000)
 ParOldGen       total 54784K, used 18130K [0x00000000e0000000, 0x00000000e3580000, 0x00000000f5580000)
  object space 54784K, 33% used [0x00000000e0000000,0x00000000e11b48d8,0x00000000e3580000)
 Metaspace       used 14508K, capacity 14726K, committed 14848K, reserved 1062912K
  class space    used 1687K, capacity 1776K, committed 1792K, reserved 1048576K
Event: 15.808 GC heap after
Heap after GC invocations=11 (full 0):
 PSYoungGen      total 24064K, used 96K [0x00000000f5580000, 0x00000000f7000000, 0x0000000100000000)
  eden space 20992K, 0% used [0x00000000f5580000,0x00000000f5580000,0x00000000f6a00000)
  from space 3072K, 3% used [0x00000000f6a00000,0x00000000f6a18000,0x00000000f6d00000)
  to   space 3072K, 0% used [0x00000000f6d00000,0x00000000f6d00000,0x00000000f7000000)
 ParOldGen       total 54784K, used 18224K [0x00000000e0000000, 0x00000000e3580000, 0x00000000f5580000)
  object space 54784K, 33% used [0x00000000e0000000,0x00000000e11cc2e8,0x00000000e3580000)
 Metaspace       used 14508K, capacity 14726K, committed 14848K, reserved 1062912K
  class space    used 1687K, capacity 1776K, committed 1792K, reserved 1048576K
}
Event: 17.141 GC heap before
{Heap before GC invocations=12 (full 0):
 PSYoungGen      total 24064K, used 21088K [0x00000000f5580000, 0x00000000f7000000, 0x0000000100000000)
  eden space 20992K, 100% used [0x00000000f5580000,0x00000000f6a00000,0x00000000f6a00000)
  from space 3072K, 3% used [0x00000000f6a00000,0x00000000f6a18000,0x00000000f6d00000)
  to   space 3072K, 0% used [0x00000000f6d00000,0x00000000f6d00000,0x00000000f7000000)
 ParOldGen       total 54784K, used 18224K [0x00000000e0000000, 0x00000000e3580000, 0x00000000f5580000)
  object space 54784K, 33% used [0x00000000e0000000,0x00000000e11cc2e8,0x00000000e3580000)
 Metaspace       used 14528K, capacity 14726K, committed 14848K, reserved 1062912K
  class space    used 1687K, capacity 1776K, committed 1792K, reserved 1048576K
Event: 17.142 GC heap after
Heap after GC invocations=12 (full 0):
 PSYoungGen      total 24064K, used 96K [0x00000000f5580000, 0x00000000f7000000, 0x0000000100000000)
  eden space 20992K, 0% used [0x00000000f5580000,0x00000000f5580000,0x00000000f6a00000)
  from space 3072K, 3% used [0x00000000f6d00000,0x00000000f6d18000,0x00000000f7000000)
  to   space 3072K, 0% used [0x00000000f6a00000,0x00000000f6a00000,0x00000000f6d00000)
 ParOldGen       total 54784K, used 18248K [0x00000000e0000000, 0x00000000e3580000, 0x00000000f5580000)
  object space 54784K, 33% used [0x00000000e0000000,0x00000000e11d22e8,0x00000000e3580000)
 Metaspace       used 14528K, capacity 14726K, committed 14848K, reserved 1062912K
  class space    used 1687K, capacity 1776K, committed 1792K, reserved 1048576K
}
Event: 18.505 GC heap before
{Heap before GC invocations=13 (full 0):
 PSYoungGen      total 24064K, used 21088K [0x00000000f5580000, 0x00000000f7000000, 0x0000000100000000)
  eden space 20992K, 100% used [0x00000000f5580000,0x00000000f6a00000,0x00000000f6a00000)
  from space 3072K, 3% used [0x00000000f6d00000,0x00000000f6d18000,0x00000000f7000000)
  to   space 3072K, 0% used [0x00000000f6a00000,0x00000000f6a00000,0x00000000f6d00000)
 ParOldGen       total 54784K, used 18248K [0x00000000e0000000, 0x00000000e3580000, 0x00000000f5580000)
  object space 54784K, 33% used [0x00000000e0000000,0x00000000e11d22e8,0x00000000e3580000)
 Metaspace       used 14534K, capacity 14726K, committed 14848K, reserved 1062912K
  class space    used 1687K, capacity 1776K, committed 1792K, reserved 1048576K
Event: 18.506 GC heap after
Heap after GC invocations=13 (full 0):
 PSYoungGen      total 24064K, used 96K [0x00000000f5580000, 0x00000000f7000000, 0x0000000100000000)
  eden space 20992K, 0% used [0x00000000f5580000,0x00000000f5580000,0x00000000f6a00000)
  from space 3072K, 3% used [0x00000000f6a00000,0x00000000f6a18000,0x00000000f6d00000)
  to   space 3072K, 0% used [0x00000000f6d00000,0x00000000f6d00000,0x00000000f7000000)
 ParOldGen       total 54784K, used 18264K [0x00000000e0000000, 0x00000000e3580000, 0x00000000f5580000)
  object space 54784K, 33% used [0x00000000e0000000,0x00000000e11d62e8,0x00000000e3580000)
 Metaspace       used 14534K, capacity 14726K, committed 14848K, reserved 1062912K
  class space    used 1687K, capacity 1776K, committed 1792K, reserved 1048576K
}
Event: 20.149 GC heap before
{Heap before GC invocations=14 (full 0):
 PSYoungGen      total 24064K, used 21088K [0x00000000f5580000, 0x00000000f7000000, 0x0000000100000000)
  eden space 20992K, 100% used [0x00000000f5580000,0x00000000f6a00000,0x00000000f6a00000)
  from space 3072K, 3% used [0x00000000f6a00000,0x00000000f6a18000,0x00000000f6d00000)
  to   space 3072K, 0% used [0x00000000f6d00000,0x00000000f6d00000,0x00000000f7000000)
 ParOldGen       total 54784K, used 18264K [0x00000000e0000000, 0x00000000e3580000, 0x00000000f5580000)
  object space 54784K, 33% used [0x00000000e0000000,0x00000000e11d62e8,0x00000000e3580000)
 Metaspace       used 14540K, capacity 14726K, committed 14848K, reserved 1062912K
  class space    used 1687K, capacity 1776K, committed 1792K, reserved 1048576K
Event: 20.150 GC heap after
Heap after GC invocations=14 (full 0):
 PSYoungGen      total 24064K, used 128K [0x00000000f5580000, 0x00000000f7000000, 0x0000000100000000)
  eden space 20992K, 0% used [0x00000000f5580000,0x00000000f5580000,0x00000000f6a00000)
  from space 3072K, 4% used [0x00000000f6d00000,0x00000000f6d20000,0x00000000f7000000)
  to   space 3072K, 0% used [0x00000000f6a00000,0x00000000f6a00000,0x00000000f6d00000)
 ParOldGen       total 54784K, used 18280K [0x00000000e0000000, 0x00000000e3580000, 0x00000000f5580000)
  object space 54784K, 33% used [0x00000000e0000000,0x00000000e11da2e8,0x00000000e3580000)
 Metaspace       used 14540K, capacity 14726K, committed 14848K, reserved 1062912K
  class space    used 1687K, capacity 1776K, committed 1792K, reserved 1048576K
}

